C:\dev\pharmacy-system\backend\node_modules\bindings\bindings.js:135
  throw err;
  ^

Error: Could not locate the bindings file. Tried:
 → C:\dev\pharmacy-system\backend\node_modules\better-sqlite3\build\better_sqlite3.node
 → C:\dev\pharmacy-system\backend\node_modules\better-sqlite3\build\Debug\better_sqlite3.node
 → C:\dev\pharmacy-system\backend\node_modules\better-sqlite3\build\Release\better_sqlite3.node
 → C:\dev\pharmacy-system\backend\node_modules\better-sqlite3\out\Debug\better_sqlite3.node
 → C:\dev\pharmacy-system\backend\node_modules\better-sqlite3\Debug\better_sqlite3.node
 → C:\dev\pharmacy-system\backend\node_modules\better-sqlite3\out\Release\better_sqlite3.node
 → C:\dev\pharmacy-system\backend\node_modules\better-sqlite3\Release\better_sqlite3.node
 → C:\dev\pharmacy-system\backend\node_modules\better-sqlite3\build\default\better_sqlite3.node
 → C:\dev\pharmacy-system\backend\node_modules\better-sqlite3\compiled\18.20.8\win32\x64\better_sqlite3.node
 → C:\dev\pharmacy-system\backend\node_modules\better-sqlite3\addon-build\release\install-root\better_sqlite3.node
 → C:\dev\pharmacy-system\backend\node_modules\better-sqlite3\addon-build\debug\install-root\better_sqlite3.node
 → C:\dev\pharmacy-system\backend\node_modules\better-sqlite3\addon-build\default\install-root\better_sqlite3.node
 → C:\dev\pharmacy-system\backend\node_modules\better-sqlite3\lib\binding\node-v108-win32-x64\better_sqlite3.node
    at bindings (C:\dev\pharmacy-system\backend\node_modules\bindings\bindings.js:126:9)
    at new Database (C:\dev\pharmacy-system\backend\node_modules\better-sqlite3\lib\database.js:48:64)
    at getDb (C:\dev\pharmacy-system\backend\src\db\schema.js:11:10)
    at Object.<anonymous> (C:\dev\pharmacy-system\backend\src\index.js:7:1)
    at Module._compile (node:internal/modules/cjs/loader:1364:14)
    at Module._extensions..js (node:internal/modules/cjs/loader:1422:10)
    at Module.load (node:internal/modules/cjs/loader:1203:32)
    at Module._load (node:internal/modules/cjs/loader:1019:12)
    at Function.executeUserEntryPoint [as runMain] (node:internal/modules/run_main:128:12)
    at node:internal/main/run_main_module:28:49 {
  tries: [
    'C:\\dev\\pharmacy-system\\backend\\node_modules\\better-sqlite3\\build\\better_sqlite3.node',
    'C:\\dev\\pharmacy-system\\backend\\node_modules\\better-sqlite3\\build\\Debug\\better_sqlite3.node',
    'C:\\dev\\pharmacy-system\\backend\\node_modules\\better-sqlite3\\build\\Release\\better_sqlite3.node',
    'C:\\dev\\pharmacy-system\\backend\\node_modules\\better-sqlite3\\out\\Debug\\better_sqlite3.node',
    'C:\\dev\\pharmacy-system\\backend\\node_modules\\better-sqlite3\\Debug\\better_sqlite3.node',
    'C:\\dev\\pharmacy-system\\backend\\node_modules\\better-sqlite3\\out\\Release\\better_sqlite3.node',
    'C:\\dev\\pharmacy-system\\backend\\node_modules\\better-sqlite3\\Release\\better_sqlite3.node',
    'C:\\dev\\pharmacy-system\\backend\\node_modules\\better-sqlite3\\build\\default\\better_sqlite3.node',
    'C:\\dev\\pharmacy-system\\backend\\node_modules\\better-sqlite3\\compiled\\18.20.8\\win32\\x64\\better_sqlite3.node',
    'C:\\dev\\pharmacy-system\\backend\\node_modules\\better-sqlite3\\addon-build\\release\\install-root\\better_sqlite3.node',
    'C:\\dev\\pharmacy-system\\backend\\node_modules\\better-sqlite3\\addon-build\\debug\\install-root\\better_sqlite3.node',
    'C:\\dev\\pharmacy-system\\backend\\node_modules\\better-sqlite3\\addon-build\\default\\install-root\\better_sqlite3.node',
    'C:\\dev\\pharmacy-system\\backend\\node_modules\\better-sqlite3\\lib\\binding\\node-v108-win32-x64\\better_sqlite3.node'
  ]
}

Node.js v18.20.8
