C:\dev\pharmacy-system\backend\node_modules\bindings\bindings.js:121
        throw e;
        ^

Error: The module '\\?\C:\dev\pharmacy-system\backend\node_modules\better-sqlite3\build\Release\better_sqlite3.node'
was compiled against a different Node.js version using
NODE_MODULE_VERSION 108. This version of Node.js requires
NODE_MODULE_VERSION 127. Please try re-compiling or re-installing
the module (for instance, using `npm rebuild` or `npm install`).
    at Object..node (node:internal/modules/cjs/loader:1864:18)
    at Module.load (node:internal/modules/cjs/loader:1441:32)
    at Function._load (node:internal/modules/cjs/loader:1263:12)
    at TracingChannel.traceSync (node:diagnostics_channel:328:14)
    at wrapModuleLoad (node:internal/modules/cjs/loader:237:24)
    at Module.require (node:internal/modules/cjs/loader:1463:12)
    at require (node:internal/modules/helpers:147:16)
    at bindings (C:\dev\pharmacy-system\backend\node_modules\bindings\bindings.js:112:48)
    at new Database (C:\dev\pharmacy-system\backend\node_modules\better-sqlite3\lib\database.js:48:64)
    at getDb (C:\dev\pharmacy-system\backend\src\db\schema.js:11:10) {
  code: 'ERR_DLOPEN_FAILED'
}

Node.js v22.22.2
